<?xml version="1.0" encoding="UTF-8"?>
<!-- Generated by org.testng.reporters.JUnitReportReporter -->
<testsuite skipped="0" hostname="DESKTOP-0M1MH5T" name="com.qa.linkedin.testcases.SearchDDTest" tests="4" failures="0" timestamp="2020-10-03T07:18:56 IST" time="50.851" errors="0">
  <testcase name="searchTest" time="8.574" classname="com.qa.linkedin.testcases.SearchDDTest"/>
  <testcase name="searchTest" time="9.236" classname="com.qa.linkedin.testcases.SearchDDTest"/>
  <testcase name="searchTest" time="22.021" classname="com.qa.linkedin.testcases.SearchDDTest"/>
  <testcase name="searchTest" time="11.020" classname="com.qa.linkedin.testcases.SearchDDTest"/>
</testsuite> <!-- com.qa.linkedin.testcases.SearchDDTest -->
