<?xml version="1.0" encoding="UTF-8"?>
<!-- Generated by org.testng.reporters.JUnitReportReporter -->
<testsuite skipped="0" hostname="DESKTOP-0M1MH5T" name="com.qa.linkedin.testcases.SearchDDTest" tests="4" failures="0" timestamp="2020-10-05T08:00:22 IST" time="26.709" errors="0">
  <testcase name="searchTest" time="6.202" classname="com.qa.linkedin.testcases.SearchDDTest"/>
  <testcase name="searchTest" time="6.673" classname="com.qa.linkedin.testcases.SearchDDTest"/>
  <testcase name="searchTest" time="6.981" classname="com.qa.linkedin.testcases.SearchDDTest"/>
  <testcase name="searchTest" time="6.853" classname="com.qa.linkedin.testcases.SearchDDTest"/>
</testsuite> <!-- com.qa.linkedin.testcases.SearchDDTest -->
